before calling dao, model: {"id":455,"customer_id":558,"bonus":10,"balance":9,"bonus_balance":0.3}
model: {"id":455,"customer_id":558,"bonus":10,"balance":10,"bonus_balance":0.3}
returnRegisterOperation: {"status":true,"thirdDeposit":false}
before calling dao, model: {"id":455,"customer_id":558,"bonus":10,"balance":10,"bonus_balance":0.3}
model: {"id":455,"customer_id":558,"bonus":10,"balance":11,"bonus_balance":0.3}
returnRegisterOperation: {"status":true,"thirdDeposit":false}
before calling dao, model: {"id":455,"customer_id":558,"bonus":10,"balance":11,"bonus_balance":0.3}
model: {"id":455,"customer_id":558,"bonus":10,"balance":12,"bonus_balance":0.3}
returnRegisterOperation: {"status":true,"thirdDeposit":true,"newBonus":0.1}
before calling dao, model: {"id":455,"customer_id":558,"bonus":10,"balance":0,"bonus_balance":0}
model: {"id":455,"customer_id":558,"bonus":10,"balance":1,"bonus_balance":0}
returnRegisterOperation: {"status":true,"thirdDeposit":false}
before calling dao, model: {"id":455,"customer_id":558,"bonus":10,"balance":1,"bonus_balance":0}
model: {"id":455,"customer_id":558,"bonus":10,"balance":2,"bonus_balance":0}
before calling dao, model: {"id":455,"customer_id":558,"bonus":10,"balance":2,"bonus_balance":0}
model: {"id":455,"customer_id":558,"bonus":10,"balance":3,"bonus_balance":0}
before calling dao, model: {"id":455,"customer_id":558,"bonus":10,"balance":3,"bonus_balance":0}
model: {"id":455,"customer_id":558,"bonus":10,"balance":4,"bonus_balance":0}
returnRegisterOperation: {"status":true,"thirdDeposit":false}
before calling dao, model: {"id":455,"customer_id":558,"bonus":10,"balance":4,"bonus_balance":0}
model: {"id":455,"customer_id":558,"bonus":10,"balance":5,"bonus_balance":0}
returnRegisterOperation: {"status":true,"thirdDeposit":true,"newBonus":0.1}
before calling dao, model: {"id":455,"customer_id":558,"bonus":10,"balance":5,"bonus_balance":0.1}
model: {"id":455,"customer_id":558,"bonus":10,"balance":6,"bonus_balance":0.1}
before calling dao, model: {"id":455,"customer_id":558,"bonus":10,"balance":6,"bonus_balance":0}
model: {"id":455,"customer_id":558,"bonus":10,"balance":7,"bonus_balance":0}
returnRegisterOperation: {"status":true,"thirdDeposit":false}
before calling dao, model: {"id":455,"customer_id":558,"bonus":10,"balance":6,"bonus_balance":0.2}
model: {"id":455,"customer_id":558,"bonus":10,"balance":7,"bonus_balance":0.2}
before calling dao, model: {"id":455,"customer_id":558,"bonus":10,"balance":7,"bonus_balance":0.2}
model: {"id":455,"customer_id":558,"bonus":10,"balance":8,"bonus_balance":0.2}
before calling dao, model: {"id":455,"customer_id":558,"bonus":10,"balance":8,"bonus_balance":0.1}
model: {"id":455,"customer_id":558,"bonus":10,"balance":9,"bonus_balance":0.1}
returnRegisterOperation: {"status":true,"thirdDeposit":false}
before calling dao, model: {"id":455,"customer_id":558,"bonus":10,"balance":9,"bonus_balance":0.1}
model: {"id":455,"customer_id":558,"bonus":10,"balance":10,"bonus_balance":0.1}
before calling dao, model: {"id":455,"customer_id":558,"bonus":10,"balance":10,"bonus_balance":0.1}
model: {"id":455,"customer_id":558,"bonus":10,"balance":11,"bonus_balance":0.1}
before calling dao, model: {"id":455,"customer_id":558,"bonus":10,"balance":11,"bonus_balance":0.1}
model: {"id":455,"customer_id":558,"bonus":10,"balance":12,"bonus_balance":0.1}
returnRegisterOperation: {"status":true,"thirdDeposit":true,"newBonus":0.1}
before calling dao, model: {"id":455,"customer_id":558,"bonus":10,"balance":12,"bonus_balance":0.2}
model: {"id":455,"customer_id":558,"bonus":10,"balance":13,"bonus_balance":0.2}
before calling dao, model: {"id":455,"customer_id":558,"bonus":10,"balance":13,"bonus_balance":0.2}
model: {"id":455,"customer_id":558,"bonus":10,"balance":14,"bonus_balance":0.2}
returnRegisterOperation: {"status":true,"thirdDeposit":false}
before calling dao, model: {"id":455,"customer_id":558,"bonus":10,"balance":14,"bonus_balance":0.2}
model: {"id":455,"customer_id":558,"bonus":10,"balance":15,"bonus_balance":0.2}
before calling dao, model: {"id":455,"customer_id":558,"bonus":10,"balance":15,"bonus_balance":0.2}
model: {"id":455,"customer_id":558,"bonus":10,"balance":16,"bonus_balance":0.2}
before calling dao, model: {"id":455,"customer_id":558,"bonus":10,"balance":16,"bonus_balance":0.2}
model: {"id":455,"customer_id":558,"bonus":10,"balance":17,"bonus_balance":0.2}
before calling dao, model: {"id":455,"customer_id":558,"bonus":10,"balance":17,"bonus_balance":0.2}
model: {"id":455,"customer_id":558,"bonus":10,"balance":18,"bonus_balance":0.2}
before calling dao, model: {"id":455,"customer_id":558,"bonus":10,"balance":18,"bonus_balance":0.2}
model: {"id":455,"customer_id":558,"bonus":10,"balance":19,"bonus_balance":0.2}
before calling dao, model: {"id":455,"customer_id":558,"bonus":10,"balance":19,"bonus_balance":0.2}
model: {"id":455,"customer_id":558,"bonus":10,"balance":20,"bonus_balance":0.2}
before calling dao, model: {"id":455,"customer_id":558,"bonus":10,"balance":20,"bonus_balance":0.2}
model: {"id":455,"customer_id":558,"bonus":10,"balance":21,"bonus_balance":0.2}
before calling dao, model: {"id":455,"customer_id":558,"bonus":10,"balance":21,"bonus_balance":0.2}
model: {"id":455,"customer_id":558,"bonus":10,"balance":22,"bonus_balance":0.2}
before calling dao, model: {"id":455,"customer_id":558,"bonus":10,"balance":22,"bonus_balance":0.2}
model: {"id":455,"customer_id":558,"bonus":10,"balance":23,"bonus_balance":0.2}
before calling dao, model: {"id":455,"customer_id":558,"bonus":10,"balance":0,"bonus_balance":0}
model: {"id":455,"customer_id":558,"bonus":10,"balance":1,"bonus_balance":0}
returnRegisterOperation: {"status":true,"thirdDeposit":false}
before calling dao, model: {"id":455,"customer_id":558,"bonus":10,"balance":1,"bonus_balance":0}
model: {"id":455,"customer_id":558,"bonus":10,"balance":2,"bonus_balance":0}
before calling dao, model: {"id":455,"customer_id":558,"bonus":10,"balance":2,"bonus_balance":0}
model: {"id":455,"customer_id":558,"bonus":10,"balance":3,"bonus_balance":0}
returnRegisterOperation: {"status":true,"thirdDeposit":false}
before calling dao, model: {"id":455,"customer_id":558,"bonus":10,"balance":3,"bonus_balance":0}
model: {"id":455,"customer_id":558,"bonus":10,"balance":4,"bonus_balance":0}
returnRegisterOperation: {"status":true,"thirdDeposit":true,"newBonus":0.1}
